<?xml version="1.0" encoding="UTF-8"?>
<coverage generated="1495474643">
  <project timestamp="1495474643">
    <package name="Grasmash\XDebugToggle\Command">
      <file name="/Users/matthew.grasmick/Sites/projects/xdebug-toggle/src/Command/XDebugToggleCommand.php">
        <class name="XDebugToggleCommand" namespace="Grasmash\XDebugToggle\Command">
          <metrics complexity="16" methods="12" coveredmethods="8" conditionals="0" coveredconditionals="0" statements="47" coveredstatements="32" elements="59" coveredelements="40"/>
        </class>
        <line num="37" type="method" name="configure" visibility="protected" complexity="1" crap="1" count="5"/>
        <line num="40" type="stmt" count="5"/>
        <line num="41" type="stmt" count="5"/>
        <line num="42" type="stmt" count="5"/>
        <line num="43" type="stmt" count="5"/>
        <line num="44" type="stmt" count="5"/>
        <line num="45" type="stmt" count="5"/>
        <line num="48" type="stmt" count="5"/>
        <line num="49" type="stmt" count="5"/>
        <line num="51" type="stmt" count="5"/>
        <line num="62" type="method" name="execute" visibility="protected" complexity="3" crap="12" count="0"/>
        <line num="64" type="stmt" count="0"/>
        <line num="65" type="stmt" count="0"/>
        <line num="66" type="stmt" count="0"/>
        <line num="67" type="stmt" count="0"/>
        <line num="68" type="stmt" count="0"/>
        <line num="69" type="stmt" count="0"/>
        <line num="71" type="stmt" count="0"/>
        <line num="72" type="stmt" count="0"/>
        <line num="73" type="stmt" count="0"/>
        <line num="74" type="stmt" count="0"/>
        <line num="76" type="stmt" count="0"/>
        <line num="78" type="stmt" count="0"/>
        <line num="83" type="method" name="getOutput" visibility="public" complexity="1" crap="2" count="0"/>
        <line num="85" type="stmt" count="0"/>
        <line num="91" type="method" name="setOutput" visibility="public" complexity="1" crap="1" count="5"/>
        <line num="93" type="stmt" count="5"/>
        <line num="94" type="stmt" count="5"/>
        <line num="99" type="method" name="getFs" visibility="public" complexity="1" crap="2" count="0"/>
        <line num="101" type="stmt" count="0"/>
        <line num="107" type="method" name="setFs" visibility="public" complexity="1" crap="1" count="5"/>
        <line num="109" type="stmt" count="5"/>
        <line num="110" type="stmt" count="5"/>
        <line num="115" type="method" name="getLogger" visibility="public" complexity="1" crap="2" count="0"/>
        <line num="117" type="stmt" count="0"/>
        <line num="123" type="method" name="setLogger" visibility="public" complexity="1" crap="1" count="5"/>
        <line num="125" type="stmt" count="5"/>
        <line num="126" type="stmt" count="5"/>
        <line num="134" type="method" name="setXDebugStatus" visibility="public" complexity="3" crap="3" count="1"/>
        <line num="136" type="stmt" count="1"/>
        <line num="137" type="stmt" count="1"/>
        <line num="138" type="stmt" count="1"/>
        <line num="139" type="stmt" count="1"/>
        <line num="141" type="stmt" count="1"/>
        <line num="143" type="stmt" count="1"/>
        <line num="151" type="method" name="getXDebugStatus" visibility="public" complexity="1" crap="1" count="1"/>
        <line num="153" type="stmt" count="1"/>
        <line num="162" type="method" name="enableXDebug" visibility="public" complexity="1" crap="1" count="1"/>
        <line num="164" type="stmt" count="1"/>
        <line num="165" type="stmt" count="1"/>
        <line num="166" type="stmt" count="1"/>
        <line num="167" type="stmt" count="1"/>
        <line num="168" type="stmt" count="1"/>
        <line num="176" type="method" name="disableXDebug" visibility="public" complexity="1" crap="1" count="1"/>
        <line num="178" type="stmt" count="1"/>
        <line num="179" type="stmt" count="1"/>
        <line num="180" type="stmt" count="1"/>
        <line num="181" type="stmt" count="1"/>
        <line num="182" type="stmt" count="1"/>
        <metrics loc="183" ncloc="117" classes="1" methods="12" coveredmethods="8" conditionals="0" coveredconditionals="0" statements="47" coveredstatements="32" elements="59" coveredelements="40"/>
      </file>
    </package>
    <metrics files="1" loc="183" ncloc="117" classes="1" methods="12" coveredmethods="8" conditionals="0" coveredconditionals="0" statements="47" coveredstatements="32" elements="59" coveredelements="40"/>
  </project>
</coverage>
